2021-07-14 22:23:30.753  INFO 8809 --- [main] guardians.GuardiansApplication           : Starting GuardiansApplication on linux with PID 8809 (/home/dit/Documents/guardians/build/classes/java/main started by dit in /home/dit/Documents/guardians)
2021-07-14 22:23:30.761  INFO 8809 --- [main] guardians.GuardiansApplication           : No active profile set, falling back to default profiles: default
2021-07-14 22:23:32.063  INFO 8809 --- [main] .s.d.r.c.RepositoryConfigurationDelegate : Bootstrapping Spring Data JPA repositories in DEFAULT mode.
2021-07-14 22:23:32.207  INFO 8809 --- [main] .s.d.r.c.RepositoryConfigurationDelegate : Finished Spring Data repository scanning in 134ms. Found 9 JPA repository interfaces.
2021-07-14 22:23:33.171  INFO 8809 --- [main] o.s.b.w.embedded.tomcat.TomcatWebServer  : Tomcat initialized with port(s): 8080 (http)
2021-07-14 22:23:33.281  INFO 8809 --- [main] o.apache.catalina.core.StandardService   : Starting service [Tomcat]
2021-07-14 22:23:33.282  INFO 8809 --- [main] org.apache.catalina.core.StandardEngine  : Starting Servlet engine: [Apache Tomcat/9.0.33]
2021-07-14 22:23:33.284  INFO 8809 --- [main] o.a.catalina.core.AprLifecycleListener   : An older version [1.2.21] of the APR based Apache Tomcat Native library is installed, while Tomcat recommends a minimum version of [1.2.23]
2021-07-14 22:23:33.284  INFO 8809 --- [main] o.a.catalina.core.AprLifecycleListener   : Loaded APR based Apache Tomcat Native library [1.2.21] using APR version [1.6.3].
2021-07-14 22:23:33.284  INFO 8809 --- [main] o.a.catalina.core.AprLifecycleListener   : APR capabilities: IPv6 [true], sendfile [true], accept filters [false], random [true].
2021-07-14 22:23:33.284  INFO 8809 --- [main] o.a.catalina.core.AprLifecycleListener   : APR/OpenSSL configuration: useAprConnector [false], useOpenSSL [true]
2021-07-14 22:23:33.297  INFO 8809 --- [main] o.a.catalina.core.AprLifecycleListener   : OpenSSL successfully initialized [OpenSSL 1.1.1  11 Sep 2018]
2021-07-14 22:23:33.389  INFO 8809 --- [main] o.a.c.c.C.[.[.[/guardians/api]           : Initializing Spring embedded WebApplicationContext
2021-07-14 22:23:33.390  INFO 8809 --- [main] o.s.web.context.ContextLoader            : Root WebApplicationContext: initialization completed in 2243 ms
2021-07-14 22:23:33.612  INFO 8809 --- [main] o.hibernate.jpa.internal.util.LogHelper  : HHH000204: Processing PersistenceUnitInfo [name: default]
2021-07-14 22:23:33.686  INFO 8809 --- [main] org.hibernate.Version                    : HHH000412: Hibernate ORM core version 5.4.12.Final
2021-07-14 22:23:33.843  INFO 8809 --- [main] o.hibernate.annotations.common.Version   : HCANN000001: Hibernate Commons Annotations {5.1.0.Final}
2021-07-14 22:23:33.953  INFO 8809 --- [main] com.zaxxer.hikari.HikariDataSource       : HikariPool-1 - Starting...
2021-07-14 22:23:34.661  INFO 8809 --- [main] com.zaxxer.hikari.HikariDataSource       : HikariPool-1 - Start completed.
2021-07-14 22:23:34.688  INFO 8809 --- [main] org.hibernate.dialect.Dialect            : HHH000400: Using dialect: org.hibernate.dialect.MySQL5InnoDBDialect
2021-07-14 22:23:42.794  INFO 8809 --- [main] o.h.e.t.j.p.i.JtaPlatformInitiator       : HHH000490: Using JtaPlatform implementation: [org.hibernate.engine.transaction.jta.platform.internal.NoJtaPlatform]
2021-07-14 22:23:42.983  INFO 8809 --- [main] j.LocalContainerEntityManagerFactoryBean : Initialized JPA EntityManagerFactory for persistence unit 'default'
2021-07-14 22:23:43.566  WARN 8809 --- [main] JpaBaseConfiguration$JpaWebConfiguration : spring.jpa.open-in-view is enabled by default. Therefore, database queries may be performed during view rendering. Explicitly configure spring.jpa.open-in-view to disable this warning
2021-07-14 22:23:44.183  INFO 8809 --- [main] o.s.s.web.DefaultSecurityFilterChain     : Creating filter chain: any request, [org.springframework.security.web.context.request.async.WebAsyncManagerIntegrationFilter@14b48f39, org.springframework.security.web.context.SecurityContextPersistenceFilter@2a984952, org.springframework.security.web.header.HeaderWriterFilter@4d174189, org.springframework.security.web.authentication.logout.LogoutFilter@722b3ba2, org.springframework.security.web.authentication.UsernamePasswordAuthenticationFilter@73d83141, org.springframework.security.web.authentication.ui.DefaultLoginPageGeneratingFilter@1ab268bd, org.springframework.security.web.authentication.ui.DefaultLogoutPageGeneratingFilter@13d1f898, org.springframework.security.web.authentication.www.BasicAuthenticationFilter@7ef4aceb, org.springframework.security.web.savedrequest.RequestCacheAwareFilter@1dbc607d, org.springframework.security.web.servletapi.SecurityContextHolderAwareRequestFilter@65da4a5d, org.springframework.security.web.authentication.AnonymousAuthenticationFilter@c87787d, org.springframework.security.web.session.SessionManagementFilter@c30f26d, org.springframework.security.web.access.ExceptionTranslationFilter@6eb00cbe, org.springframework.security.web.access.intercept.FilterSecurityInterceptor@2e8986b6]
2021-07-14 22:23:44.398  INFO 8809 --- [main] o.s.s.concurrent.ThreadPoolTaskExecutor  : Initializing ExecutorService 'applicationTaskExecutor'
2021-07-14 22:23:44.765  INFO 8809 --- [main] o.s.b.w.embedded.tomcat.TomcatWebServer  : Tomcat started on port(s): 8080 (http) with context path '/guardians/api'
2021-07-14 22:23:44.771  INFO 8809 --- [main] guardians.GuardiansApplication           : Started GuardiansApplication in 14.636 seconds (JVM running for 15.095)
2021-07-14 22:23:44.772  INFO 8809 --- [main] guardians.LoadInitialData                : Starting the preload of the initial data
2021-07-14 22:23:44.862  INFO 8809 --- [main] guardians.LoadInitialData                : Preloading: Doctor(id=1, firstName=1, lastNames=1, email=1@guardians.com, status=AVAILABLE, absence=null, startDate=2020-05-01)
2021-07-14 22:23:44.917  INFO 8809 --- [main] guardians.LoadInitialData                : Preloading: ShiftConfiguration(doctorId=1, doctor=Doctor(id=1, firstName=1, lastNames=1, email=1@guardians.com, status=AVAILABLE, absence=null, startDate=2020-05-01), maxShifts=0, minShifts=0, numConsultations=0, doesCycleShifts=true, hasShiftsOnlyWhenCycleShifts=false, unwantedShifts=null, unavailableShifts=null, wantedShifts=null, mandatoryShifts=null, wantedConsultations=null)
2021-07-14 22:23:44.923  INFO 8809 --- [main] guardians.LoadInitialData                : Preloading: Doctor(id=2, firstName=2, lastNames=2, email=2@guardians.com, status=AVAILABLE, absence=null, startDate=2020-05-01)
2021-07-14 22:23:44.936  INFO 8809 --- [main] guardians.LoadInitialData                : Preloading: ShiftConfiguration(doctorId=2, doctor=Doctor(id=2, firstName=2, lastNames=2, email=2@guardians.com, status=AVAILABLE, absence=null, startDate=2020-05-01), maxShifts=5, minShifts=3, numConsultations=0, doesCycleShifts=true, hasShiftsOnlyWhenCycleShifts=true, unwantedShifts=null, unavailableShifts=null, wantedShifts=null, mandatoryShifts=null, wantedConsultations=null)
2021-07-14 22:23:44.942  INFO 8809 --- [main] guardians.LoadInitialData                : Preloading: Doctor(id=3, firstName=3, lastNames=3, email=3@guardians.com, status=AVAILABLE, absence=null, startDate=2020-05-02)
2021-07-14 22:23:44.953  INFO 8809 --- [main] guardians.LoadInitialData                : Preloading: ShiftConfiguration(doctorId=3, doctor=Doctor(id=3, firstName=3, lastNames=3, email=3@guardians.com, status=AVAILABLE, absence=null, startDate=2020-05-02), maxShifts=0, minShifts=0, numConsultations=0, doesCycleShifts=true, hasShiftsOnlyWhenCycleShifts=false, unwantedShifts=null, unavailableShifts=null, wantedShifts=null, mandatoryShifts=null, wantedConsultations=null)
2021-07-14 22:23:44.959  INFO 8809 --- [main] guardians.LoadInitialData                : Preloading: Doctor(id=4, firstName=4, lastNames=4, email=4@guardians.com, status=AVAILABLE, absence=null, startDate=2020-05-02)
2021-07-14 22:23:44.974  INFO 8809 --- [main] guardians.LoadInitialData                : Preloading: ShiftConfiguration(doctorId=4, doctor=Doctor(id=4, firstName=4, lastNames=4, email=4@guardians.com, status=AVAILABLE, absence=null, startDate=2020-05-02), maxShifts=0, minShifts=0, numConsultations=0, doesCycleShifts=true, hasShiftsOnlyWhenCycleShifts=false, unwantedShifts=null, unavailableShifts=null, wantedShifts=null, mandatoryShifts=null, wantedConsultations=null)
2021-07-14 22:23:44.981  INFO 8809 --- [main] guardians.LoadInitialData                : Preloading: Doctor(id=5, firstName=5, lastNames=5, email=5@guardians.com, status=AVAILABLE, absence=null, startDate=2020-05-03)
2021-07-14 22:23:44.992  INFO 8809 --- [main] guardians.LoadInitialData                : Preloading: ShiftConfiguration(doctorId=5, doctor=Doctor(id=5, firstName=5, lastNames=5, email=5@guardians.com, status=AVAILABLE, absence=null, startDate=2020-05-03), maxShifts=0, minShifts=0, numConsultations=0, doesCycleShifts=true, hasShiftsOnlyWhenCycleShifts=false, unwantedShifts=null, unavailableShifts=null, wantedShifts=null, mandatoryShifts=null, wantedConsultations=null)
2021-07-14 22:23:45.004  INFO 8809 --- [main] guardians.LoadInitialData                : Preloading: Doctor(id=6, firstName=6, lastNames=6, email=6@guardians.com, status=AVAILABLE, absence=null, startDate=2020-05-03)
2021-07-14 22:23:45.011  INFO 8809 --- [main] guardians.LoadInitialData                : Preloading: ShiftConfiguration(doctorId=6, doctor=Doctor(id=6, firstName=6, lastNames=6, email=6@guardians.com, status=AVAILABLE, absence=null, startDate=2020-05-03), maxShifts=5, minShifts=3, numConsultations=0, doesCycleShifts=true, hasShiftsOnlyWhenCycleShifts=true, unwantedShifts=null, unavailableShifts=null, wantedShifts=null, mandatoryShifts=null, wantedConsultations=null)
2021-07-14 22:23:45.018  INFO 8809 --- [main] guardians.LoadInitialData                : Preloading: Doctor(id=7, firstName=7, lastNames=7, email=7@guardians.com, status=AVAILABLE, absence=null, startDate=2020-05-04)
2021-07-14 22:23:45.027  INFO 8809 --- [main] guardians.LoadInitialData                : Preloading: ShiftConfiguration(doctorId=7, doctor=Doctor(id=7, firstName=7, lastNames=7, email=7@guardians.com, status=AVAILABLE, absence=null, startDate=2020-05-04), maxShifts=5, minShifts=3, numConsultations=0, doesCycleShifts=true, hasShiftsOnlyWhenCycleShifts=false, unwantedShifts=null, unavailableShifts=null, wantedShifts=null, mandatoryShifts=null, wantedConsultations=null)
2021-07-14 22:23:45.033  INFO 8809 --- [main] guardians.LoadInitialData                : Preloading: Doctor(id=8, firstName=8, lastNames=8, email=8@guardians.com, status=AVAILABLE, absence=null, startDate=2020-05-04)
2021-07-14 22:23:45.044  INFO 8809 --- [main] guardians.LoadInitialData                : Preloading: ShiftConfiguration(doctorId=8, doctor=Doctor(id=8, firstName=8, lastNames=8, email=8@guardians.com, status=AVAILABLE, absence=null, startDate=2020-05-04), maxShifts=0, minShifts=0, numConsultations=0, doesCycleShifts=true, hasShiftsOnlyWhenCycleShifts=false, unwantedShifts=null, unavailableShifts=null, wantedShifts=null, mandatoryShifts=null, wantedConsultations=null)
2021-07-14 22:23:45.050  INFO 8809 --- [main] guardians.LoadInitialData                : Preloading: Doctor(id=9, firstName=9, lastNames=9, email=9@guardians.com, status=AVAILABLE, absence=null, startDate=2020-05-05)
2021-07-14 22:23:45.059  INFO 8809 --- [main] guardians.LoadInitialData                : Preloading: ShiftConfiguration(doctorId=9, doctor=Doctor(id=9, firstName=9, lastNames=9, email=9@guardians.com, status=AVAILABLE, absence=null, startDate=2020-05-05), maxShifts=5, minShifts=4, numConsultations=0, doesCycleShifts=true, hasShiftsOnlyWhenCycleShifts=false, unwantedShifts=null, unavailableShifts=null, wantedShifts=null, mandatoryShifts=null, wantedConsultations=null)
2021-07-14 22:23:45.064  INFO 8809 --- [main] guardians.LoadInitialData                : Preloading: Doctor(id=10, firstName=10, lastNames=10, email=10@guardians.com, status=AVAILABLE, absence=null, startDate=2020-05-05)
2021-07-14 22:23:45.072  INFO 8809 --- [main] guardians.LoadInitialData                : Preloading: ShiftConfiguration(doctorId=10, doctor=Doctor(id=10, firstName=10, lastNames=10, email=10@guardians.com, status=AVAILABLE, absence=null, startDate=2020-05-05), maxShifts=5, minShifts=3, numConsultations=0, doesCycleShifts=true, hasShiftsOnlyWhenCycleShifts=false, unwantedShifts=null, unavailableShifts=null, wantedShifts=null, mandatoryShifts=null, wantedConsultations=null)
2021-07-14 22:23:45.080  INFO 8809 --- [main] guardians.LoadInitialData                : Preloading: Doctor(id=11, firstName=11, lastNames=11, email=11@guardians.com, status=AVAILABLE, absence=null, startDate=2020-05-06)
2021-07-14 22:23:45.090  INFO 8809 --- [main] guardians.LoadInitialData                : Preloading: ShiftConfiguration(doctorId=11, doctor=Doctor(id=11, firstName=11, lastNames=11, email=11@guardians.com, status=AVAILABLE, absence=null, startDate=2020-05-06), maxShifts=5, minShifts=3, numConsultations=0, doesCycleShifts=true, hasShiftsOnlyWhenCycleShifts=true, unwantedShifts=null, unavailableShifts=null, wantedShifts=null, mandatoryShifts=null, wantedConsultations=null)
2021-07-14 22:23:45.097  INFO 8809 --- [main] guardians.LoadInitialData                : Preloading: Doctor(id=12, firstName=12, lastNames=12, email=12@guardians.com, status=AVAILABLE, absence=null, startDate=2020-05-06)
2021-07-14 22:23:45.106  INFO 8809 --- [main] guardians.LoadInitialData                : Preloading: ShiftConfiguration(doctorId=12, doctor=Doctor(id=12, firstName=12, lastNames=12, email=12@guardians.com, status=AVAILABLE, absence=null, startDate=2020-05-06), maxShifts=0, minShifts=0, numConsultations=0, doesCycleShifts=true, hasShiftsOnlyWhenCycleShifts=false, unwantedShifts=null, unavailableShifts=null, wantedShifts=null, mandatoryShifts=null, wantedConsultations=null)
2021-07-14 22:23:45.113  INFO 8809 --- [main] guardians.LoadInitialData                : Preloading: Doctor(id=13, firstName=13, lastNames=13, email=13@guardians.com, status=AVAILABLE, absence=null, startDate=2020-05-07)
2021-07-14 22:23:45.123  INFO 8809 --- [main] guardians.LoadInitialData                : Preloading: ShiftConfiguration(doctorId=13, doctor=Doctor(id=13, firstName=13, lastNames=13, email=13@guardians.com, status=AVAILABLE, absence=null, startDate=2020-05-07), maxShifts=5, minShifts=3, numConsultations=2, doesCycleShifts=true, hasShiftsOnlyWhenCycleShifts=false, unwantedShifts=null, unavailableShifts=null, wantedShifts=null, mandatoryShifts=null, wantedConsultations=null)
2021-07-14 22:23:45.131  INFO 8809 --- [main] guardians.LoadInitialData                : Preloading: Doctor(id=14, firstName=14, lastNames=14, email=14@guardians.com, status=AVAILABLE, absence=null, startDate=2020-05-07)
2021-07-14 22:23:45.139  INFO 8809 --- [main] guardians.LoadInitialData                : Preloading: ShiftConfiguration(doctorId=14, doctor=Doctor(id=14, firstName=14, lastNames=14, email=14@guardians.com, status=AVAILABLE, absence=null, startDate=2020-05-07), maxShifts=5, minShifts=3, numConsultations=0, doesCycleShifts=true, hasShiftsOnlyWhenCycleShifts=false, unwantedShifts=null, unavailableShifts=null, wantedShifts=null, mandatoryShifts=null, wantedConsultations=null)
2021-07-14 22:23:45.151  INFO 8809 --- [main] guardians.LoadInitialData                : Preloading: Doctor(id=15, firstName=15, lastNames=15, email=15@guardians.com, status=AVAILABLE, absence=null, startDate=2020-05-08)
2021-07-14 22:23:45.161  INFO 8809 --- [main] guardians.LoadInitialData                : Preloading: ShiftConfiguration(doctorId=15, doctor=Doctor(id=15, firstName=15, lastNames=15, email=15@guardians.com, status=AVAILABLE, absence=null, startDate=2020-05-08), maxShifts=5, minShifts=3, numConsultations=0, doesCycleShifts=true, hasShiftsOnlyWhenCycleShifts=true, unwantedShifts=null, unavailableShifts=null, wantedShifts=null, mandatoryShifts=null, wantedConsultations=null)
2021-07-14 22:23:45.168  INFO 8809 --- [main] guardians.LoadInitialData                : Preloading: Doctor(id=16, firstName=16, lastNames=16, email=16@guardians.com, status=AVAILABLE, absence=null, startDate=2020-05-08)
2021-07-14 22:23:45.179  INFO 8809 --- [main] guardians.LoadInitialData                : Preloading: ShiftConfiguration(doctorId=16, doctor=Doctor(id=16, firstName=16, lastNames=16, email=16@guardians.com, status=AVAILABLE, absence=null, startDate=2020-05-08), maxShifts=5, minShifts=3, numConsultations=0, doesCycleShifts=true, hasShiftsOnlyWhenCycleShifts=true, unwantedShifts=null, unavailableShifts=null, wantedShifts=null, mandatoryShifts=null, wantedConsultations=null)
2021-07-14 22:23:45.184  INFO 8809 --- [main] guardians.LoadInitialData                : Preloading: Doctor(id=17, firstName=17, lastNames=17, email=17@guardians.com, status=AVAILABLE, absence=null, startDate=2020-05-09)
2021-07-14 22:23:45.192  INFO 8809 --- [main] guardians.LoadInitialData                : Preloading: ShiftConfiguration(doctorId=17, doctor=Doctor(id=17, firstName=17, lastNames=17, email=17@guardians.com, status=AVAILABLE, absence=null, startDate=2020-05-09), maxShifts=5, minShifts=4, numConsultations=2, doesCycleShifts=true, hasShiftsOnlyWhenCycleShifts=false, unwantedShifts=null, unavailableShifts=null, wantedShifts=null, mandatoryShifts=null, wantedConsultations=null)
2021-07-14 22:23:45.202  INFO 8809 --- [main] guardians.LoadInitialData                : Preloading: Doctor(id=18, firstName=18, lastNames=18, email=18@guardians.com, status=AVAILABLE, absence=null, startDate=2020-05-09)
2021-07-14 22:23:45.215  INFO 8809 --- [main] guardians.LoadInitialData                : Preloading: ShiftConfiguration(doctorId=18, doctor=Doctor(id=18, firstName=18, lastNames=18, email=18@guardians.com, status=AVAILABLE, absence=null, startDate=2020-05-09), maxShifts=5, minShifts=3, numConsultations=0, doesCycleShifts=true, hasShiftsOnlyWhenCycleShifts=false, unwantedShifts=null, unavailableShifts=null, wantedShifts=null, mandatoryShifts=null, wantedConsultations=null)
2021-07-14 22:23:45.219  INFO 8809 --- [main] guardians.LoadInitialData                : Preloading: Doctor(id=19, firstName=19, lastNames=19, email=19@guardians.com, status=AVAILABLE, absence=null, startDate=2020-05-10)
2021-07-14 22:23:45.227  INFO 8809 --- [main] guardians.LoadInitialData                : Preloading: ShiftConfiguration(doctorId=19, doctor=Doctor(id=19, firstName=19, lastNames=19, email=19@guardians.com, status=AVAILABLE, absence=null, startDate=2020-05-10), maxShifts=5, minShifts=3, numConsultations=0, doesCycleShifts=true, hasShiftsOnlyWhenCycleShifts=false, unwantedShifts=null, unavailableShifts=null, wantedShifts=null, mandatoryShifts=null, wantedConsultations=null)
2021-07-14 22:23:45.232  INFO 8809 --- [main] guardians.LoadInitialData                : Preloading: Doctor(id=20, firstName=20, lastNames=20, email=20@guardians.com, status=AVAILABLE, absence=null, startDate=2020-05-10)
2021-07-14 22:23:45.238  INFO 8809 --- [main] guardians.LoadInitialData                : Preloading: ShiftConfiguration(doctorId=20, doctor=Doctor(id=20, firstName=20, lastNames=20, email=20@guardians.com, status=AVAILABLE, absence=null, startDate=2020-05-10), maxShifts=5, minShifts=4, numConsultations=2, doesCycleShifts=true, hasShiftsOnlyWhenCycleShifts=false, unwantedShifts=null, unavailableShifts=null, wantedShifts=null, mandatoryShifts=null, wantedConsultations=null)
2021-07-14 22:23:45.250  INFO 8809 --- [main] guardians.LoadInitialData                : Preloading: Doctor(id=21, firstName=21, lastNames=21, email=21@guardians.com, status=AVAILABLE, absence=null, startDate=2020-05-11)
2021-07-14 22:23:45.256  INFO 8809 --- [main] guardians.LoadInitialData                : Preloading: ShiftConfiguration(doctorId=21, doctor=Doctor(id=21, firstName=21, lastNames=21, email=21@guardians.com, status=AVAILABLE, absence=null, startDate=2020-05-11), maxShifts=5, minShifts=4, numConsultations=2, doesCycleShifts=false, hasShiftsOnlyWhenCycleShifts=false, unwantedShifts=null, unavailableShifts=null, wantedShifts=null, mandatoryShifts=null, wantedConsultations=null)
2021-07-14 22:23:45.261  INFO 8809 --- [main] guardians.LoadInitialData                : Preloading: Doctor(id=22, firstName=22, lastNames=22, email=22@guardians.com, status=AVAILABLE, absence=null, startDate=2020-05-11)
2021-07-14 22:23:45.269  INFO 8809 --- [main] guardians.LoadInitialData                : Preloading: ShiftConfiguration(doctorId=22, doctor=Doctor(id=22, firstName=22, lastNames=22, email=22@guardians.com, status=AVAILABLE, absence=null, startDate=2020-05-11), maxShifts=5, minShifts=3, numConsultations=0, doesCycleShifts=false, hasShiftsOnlyWhenCycleShifts=false, unwantedShifts=null, unavailableShifts=null, wantedShifts=null, mandatoryShifts=null, wantedConsultations=null)
2021-07-14 22:23:45.288  INFO 8809 --- [main] guardians.LoadInitialData                : Preloading AllowedShift(id=1, shift=Monday)
2021-07-14 22:23:45.307  INFO 8809 --- [main] guardians.LoadInitialData                : Preloading AllowedShift(id=2, shift=Tuesday)
2021-07-14 22:23:45.321  INFO 8809 --- [main] guardians.LoadInitialData                : Preloading AllowedShift(id=3, shift=Wednesday)
2021-07-14 22:23:45.344  INFO 8809 --- [main] guardians.LoadInitialData                : Preloading AllowedShift(id=4, shift=Thursday)
2021-07-14 22:23:45.357  INFO 8809 --- [main] guardians.LoadInitialData                : Preloading AllowedShift(id=5, shift=Friday)
2021-07-14 22:23:45.357  INFO 8809 --- [main] guardians.LoadInitialData                : The preload of the initial data finished
2021-07-14 22:24:09.445  INFO 8809 --- [SpringContextShutdownHook] o.s.s.concurrent.ThreadPoolTaskExecutor  : Shutting down ExecutorService 'applicationTaskExecutor'
2021-07-14 22:24:09.451  INFO 8809 --- [SpringContextShutdownHook] j.LocalContainerEntityManagerFactoryBean : Closing JPA EntityManagerFactory for persistence unit 'default'
2021-07-14 22:24:09.455  INFO 8809 --- [SpringContextShutdownHook] com.zaxxer.hikari.HikariDataSource       : HikariPool-1 - Shutdown initiated...
2021-07-14 22:24:09.475  INFO 8809 --- [SpringContextShutdownHook] com.zaxxer.hikari.HikariDataSource       : HikariPool-1 - Shutdown completed.
